Performing C SOURCE FILE Test CMAKE_HAVE_LIBC_PTHREAD failed with the following output:
Change Dir: /home/pi/mjbots_motor_driver/build/CMakeFiles/CMakeTmp

Run Build Command(s):/usr/bin/gmake cmTC_a08ba/fast && /usr/bin/gmake  -f CMakeFiles/cmTC_a08ba.dir/build.make CMakeFiles/cmTC_a08ba.dir/build
gmake[1]: Entering directory '/home/pi/mjbots_motor_driver/build/CMakeFiles/CMakeTmp'
Building C object CMakeFiles/cmTC_a08ba.dir/src.c.o
/usr/bin/cc   -DCMAKE_HAVE_LIBC_PTHREAD -o CMakeFiles/cmTC_a08ba.dir/src.c.o -c /home/pi/mjbots_motor_driver/build/CMakeFiles/CMakeTmp/src.c
Linking C executable cmTC_a08ba
/usr/bin/cmake -E cmake_link_script CMakeFiles/cmTC_a08ba.dir/link.txt --verbose=1
/usr/bin/cc  -DCMAKE_HAVE_LIBC_PTHREAD CMakeFiles/cmTC_a08ba.dir/src.c.o -o cmTC_a08ba 
/usr/bin/ld: CMakeFiles/cmTC_a08ba.dir/src.c.o: in function `main':
src.c:(.text+0x34): undefined reference to `pthread_create'
/usr/bin/ld: src.c:(.text+0x3c): undefined reference to `pthread_detach'
/usr/bin/ld: src.c:(.text+0x44): undefined reference to `pthread_cancel'
/usr/bin/ld: src.c:(.text+0x50): undefined reference to `pthread_join'
collect2: error: ld returned 1 exit status
gmake[1]: *** [CMakeFiles/cmTC_a08ba.dir/build.make:106: cmTC_a08ba] Error 1
gmake[1]: Leaving directory '/home/pi/mjbots_motor_driver/build/CMakeFiles/CMakeTmp'
gmake: *** [Makefile:140: cmTC_a08ba/fast] Error 2


Source file was:
#include <pthread.h>

void* test_func(void* data)
{
  return data;
}

int main(void)
{
  pthread_t thread;
  pthread_create(&thread, NULL, test_func, NULL);
  pthread_detach(thread);
  pthread_cancel(thread);
  pthread_join(thread, NULL);
  pthread_atfork(NULL, NULL, NULL);
  pthread_exit(NULL);

  return 0;
}

